<?xml version="1.0" encoding="UTF-8"?>
<!-- Generated by org.testng.reporters.JUnitReportReporter -->
<testsuite hostname="Dhanusha" failures="0" tests="2" name="tests.LoginPageTest" time="51.417" errors="0" timestamp="2024-11-12T12:50:18 IST" skipped="0">
  <testcase classname="tests.LoginPageTest" name="testLogin" time="24.001"/>
  <testcase classname="tests.LoginPageTest" name="testLogin" time="27.416"/>
  <system-out>
    <![CDATA[<img src = C:\Users\dhanu\Downloads\Capstone-Project_Spicejet-master\Capstone-Project_Spicejet-master\Screenshots\test.pngwidth = 200px height = 200px/>
<img src = C:\Users\dhanu\Downloads\Capstone-Project_Spicejet-master\Capstone-Project_Spicejet-master\Screenshots\test.pngwidth = 200px height = 200px/>
<img src = C:\Users\dhanu\Downloads\Capstone-Project_Spicejet-master\Capstone-Project_Spicejet-master\Screenshots\test.pngwidth = 200px height = 200px/>
<img src = C:\Users\dhanu\Downloads\Capstone-Project_Spicejet-master\Capstone-Project_Spicejet-master\Screenshots\test.pngwidth = 200px height = 200px/>
<img src = C:\Users\dhanu\Downloads\Capstone-Project_Spicejet-master\Capstone-Project_Spicejet-master\Screenshots\test.pngwidth = 200px height = 200px/>]]>
  </system-out>
</testsuite> <!-- tests.LoginPageTest -->
