<?xml version="1.0" encoding="UTF-8"?>
<!-- Generated by org.testng.reporters.JUnitReportReporter -->
<testsuite hostname="Dhanusha" failures="0" tests="2" name="tests.ManageBookingPageTest" time="55.626" errors="0" timestamp="2024-11-12T12:50:18 IST" skipped="0">
  <testcase classname="tests.ManageBookingPageTest" name="testManageBooking" time="23.010"/>
  <testcase classname="tests.ManageBookingPageTest" name="testManageBooking" time="32.616"/>
  <system-out>
    <![CDATA[<img src = C:\Users\dhanu\Downloads\Capstone-Project_Spicejet-master\Capstone-Project_Spicejet-master\Screenshots\test.pngwidth = 200px height = 200px/>
<img src = C:\Users\dhanu\Downloads\Capstone-Project_Spicejet-master\Capstone-Project_Spicejet-master\Screenshots\test.pngwidth = 200px height = 200px/>
<img src = C:\Users\dhanu\Downloads\Capstone-Project_Spicejet-master\Capstone-Project_Spicejet-master\Screenshots\test.pngwidth = 200px height = 200px/>
<img src = C:\Users\dhanu\Downloads\Capstone-Project_Spicejet-master\Capstone-Project_Spicejet-master\Screenshots\test.pngwidth = 200px height = 200px/>
<img src = C:\Users\dhanu\Downloads\Capstone-Project_Spicejet-master\Capstone-Project_Spicejet-master\Screenshots\test.pngwidth = 200px height = 200px/>]]>
  </system-out>
</testsuite> <!-- tests.ManageBookingPageTest -->
